step 2, sample [[Rsoo8XE7:[408064623690479551], k0BWqyxf:[310195413067453707, 811104384982471761, 305980042534366556, 1073592773866965764, 893397822587109542, 822627013523906702], AmC7DKKQ:[506249955841459167], FILES:[[porphyridium_experiment.txt], [1-1-1.Grq6HkY9LZzPhIwC-9mrjFffM.bam, 1-1-1.UMK0uBW7MDfv9lR2-9mrjFffM.bam, 1-1-1.L8rJHsIV6bp7TLk8-9mrjFffM.bam, 1-1-1.4Ih5b6oUlLPBmjQj-9mrjFffM.bam, 1-1-1.ZjUpCov8SiawjbWC-9mrjFffM.bam, 1-1-1.SZV4oNiEOp2dIAHQ-9mrjFffM.bam], [samtools.oci]]]]
merge_bams
bootstrap ======================
cwd [/tmp/slurm/8520260/nxf.C5w801dnzc]
task [/scratch/st-shallam-1/pwy_group/metasmith/runs/62Tq8B53]
step [2]
deploy relay ===================
including dev binds
including linked data binds
final binds:
--bind /tmp/slurm/8520260/nxf.C5w801dnzc:/ws,/scratch/st-shallam-1/pwy_group/metasmith:/msm_home --bind /scratch/st-shallam-1/pwy_group/metasmith/dev/metasmith:/opt/conda/envs/metasmith_env/lib/python3.12/site-packages/metasmith --bind /arc/project/st-shallam-1/pwy_group/data/porphyridium_purpureum/star_bams:/arc/project/st-shallam-1/pwy_group/data/porphyridium_purpureum/star_bams
2026-03-08_19-18-57  | api call to [deploy_from_container] with [{'workspace': '_metasmith', 'architecture': 'x86_64', 'system': 'Linux'}]
2026-03-08_19-18-57  | deploying to [_metasmith]
2026-03-08_19-18-57  | platform [x86_64/linux]
2026-03-08_19-18-57  | deploying relay server to [_metasmith/relay/msm_relay]
2026-03-08_19-18-57  | deployment complete
_metasmith/relay/
_metasmith/relay/msm_relay
pre execute ====================
.
./1-1-1.L8rJHsIV6bp7TLk8-9mrjFffM.bam
./1-1-1.4Ih5b6oUlLPBmjQj-9mrjFffM.bam
./1-1-1.SZV4oNiEOp2dIAHQ-9mrjFffM.bam
./samtools.oci
./1-1-1.ZjUpCov8SiawjbWC-9mrjFffM.bam
./porphyridium_experiment.txt
./1-1-1.Grq6HkY9LZzPhIwC-9mrjFffM.bam
./1-1-1.UMK0uBW7MDfv9lR2-9mrjFffM.bam
./.command.err
./.command.out
./.command.trace
./.command.metadata
./.command.binds
./_metasmith
./_metasmith/relay
./_metasmith/relay/msm_relay
total 0
lrwxrwxrwx 1 txyliu txyliu 109 Mar  8 19:18 1-1-1.4Ih5b6oUlLPBmjQj-9mrjFffM.bam -> /arc/project/st-shallam-1/pwy_group/data/porphyridium_purpureum/star_bams/1-1-1.4Ih5b6oUlLPBmjQj-9mrjFffM.bam
lrwxrwxrwx 1 txyliu txyliu 109 Mar  8 19:18 1-1-1.Grq6HkY9LZzPhIwC-9mrjFffM.bam -> /arc/project/st-shallam-1/pwy_group/data/porphyridium_purpureum/star_bams/1-1-1.Grq6HkY9LZzPhIwC-9mrjFffM.bam
lrwxrwxrwx 1 txyliu txyliu 109 Mar  8 19:18 1-1-1.L8rJHsIV6bp7TLk8-9mrjFffM.bam -> /arc/project/st-shallam-1/pwy_group/data/porphyridium_purpureum/star_bams/1-1-1.L8rJHsIV6bp7TLk8-9mrjFffM.bam
lrwxrwxrwx 1 txyliu txyliu 109 Mar  8 19:18 1-1-1.SZV4oNiEOp2dIAHQ-9mrjFffM.bam -> /arc/project/st-shallam-1/pwy_group/data/porphyridium_purpureum/star_bams/1-1-1.SZV4oNiEOp2dIAHQ-9mrjFffM.bam
lrwxrwxrwx 1 txyliu txyliu 109 Mar  8 19:18 1-1-1.UMK0uBW7MDfv9lR2-9mrjFffM.bam -> /arc/project/st-shallam-1/pwy_group/data/porphyridium_purpureum/star_bams/1-1-1.UMK0uBW7MDfv9lR2-9mrjFffM.bam
lrwxrwxrwx 1 txyliu txyliu 109 Mar  8 19:18 1-1-1.ZjUpCov8SiawjbWC-9mrjFffM.bam -> /arc/project/st-shallam-1/pwy_group/data/porphyridium_purpureum/star_bams/1-1-1.ZjUpCov8SiawjbWC-9mrjFffM.bam
drwxrwx--- 3 txyliu txyliu  19 Mar  8 19:18 _metasmith
lrwxrwxrwx 1 txyliu txyliu 117 Mar  8 19:18 porphyridium_experiment.txt -> /scratch/st-shallam-1/pwy_group/metasmith/runs/62Tq8B53/_metasmith/task/data/NadlYOPBIIkO/porphyridium_experiment.txt
lrwxrwxrwx 1 txyliu txyliu 102 Mar  8 19:18 samtools.oci -> /scratch/st-shallam-1/pwy_group/metasmith/runs/62Tq8B53/_metasmith/task/data/gxhC7yTosthI/samtools.oci
relay ==========================
Starting relay:
  - at: [/tmp/slurm/8520260/nxf.C5w801dnzc/_metasmith/relay/se012]
  - cwd: [/tmp/slurm/8520260/nxf.C5w801dnzc]
 - Creating local workspace at: /tmp/slurm/8520260/nxf.C5w801dnzc/_metasmith/relay/se012
Watcher daemon PID: 1850193
pid [1850193]
success
execute ========================
including dev binds
including linked data binds
final binds:
--bind /tmp/slurm/8520260/nxf.C5w801dnzc:/ws,/scratch/st-shallam-1/pwy_group/metasmith:/msm_home --bind /scratch/st-shallam-1/pwy_group/metasmith/dev/metasmith:/opt/conda/envs/metasmith_env/lib/python3.12/site-packages/metasmith --bind /arc/project/st-shallam-1/pwy_group/data/porphyridium_purpureum/star_bams:/arc/project/st-shallam-1/pwy_group/data/porphyridium_purpureum/star_bams
2026-03-08_19-19-00  | api call to [execute_transform] with [{'step_index': '2', 'workspace': '/scratch/st-shallam-1/pwy_group/metasmith/runs/62Tq8B53', 'host': 'se012'}]
2026-03-08_19-19-00  | cwd [/tmp/slurm/8520260/nxf.C5w801dnzc]
2026-03-08_19-19-00  | loading agent config
2026-03-08_19-19-00  | agent home [/scratch/st-shallam-1/pwy_group/metasmith]
2026-03-08_19-19-00  | connecting to relay [_metasmith/relay/se012]
2026-03-08_19-19-03  | external cwd [/tmp/slurm/8520260/nxf.C5w801dnzc]
2026-03-08_19-19-03  | loading task from [/msm_home/runs/62Tq8B53/_metasmith/task]
2026-03-08_19-19-07  | step [2:merge_bams:h2y89BxA]
2026-03-08_19-19-07  | uses:
2026-03-08_19-19-07  |     [Rsoo8XE7 transcriptomics::experiment] at:
2026-03-08_19-19-07  |         ✓ [28.00 B] [/msm_home/runs/62Tq8B53/_metasmith/task/data/NadlYOPBIIkO/porphyridium_experiment.txt]
2026-03-08_19-19-07  |     [k0BWqyxf transcriptomics::star_bam] at:
2026-03-08_19-19-07  |         ✓ [3.16 GB] [1-1-1.Grq6HkY9LZzPhIwC-9mrjFffM.bam]
2026-03-08_19-19-07  |         ✓ [4.31 GB] [1-1-1.UMK0uBW7MDfv9lR2-9mrjFffM.bam]
2026-03-08_19-19-07  |         ✓ [3.33 GB] [1-1-1.L8rJHsIV6bp7TLk8-9mrjFffM.bam]
2026-03-08_19-19-07  |         ✓ [4.43 GB] [1-1-1.4Ih5b6oUlLPBmjQj-9mrjFffM.bam]
2026-03-08_19-19-07  |         ✓ [3.33 GB] [1-1-1.ZjUpCov8SiawjbWC-9mrjFffM.bam]
2026-03-08_19-19-07  |         ✓ [5.01 GB] [1-1-1.SZV4oNiEOp2dIAHQ-9mrjFffM.bam]
2026-03-08_19-19-07  |     [AmC7DKKQ containers::samtools.oci] at:
2026-03-08_19-19-07  |         ✓ [30.00 B] [/msm_home/runs/62Tq8B53/_metasmith/task/data/gxhC7yTosthI/samtools.oci]
2026-03-08_19-19-07  | setup commands for external shell:
2026-03-08_19-19-07  |     module load gcc/9.4.0
2026-03-08_19-19-07  |     module load apptainer/1.3.1
2026-03-08_19-19-07  | >>> executing
2026-03-08_19-19-07  | >>> protocol >>>>>>>>>>>>>>>>>>>>>>>>>>>>>>>>>>>>>>>>>>>>>>>>>>>>>>>>>>>>
2026-03-08_19-19-08  | cached image exists
2026-03-08_19-19-09  | executing container [docker://staphb/samtools:1.23] using [APPTAINER]
2026-03-08_19-19-09  | command with bounce at [_metasmith/.bounce.tYo51HAk]:
2026-03-08_19-19-09  |     samtools merge -@ 8 -b bam_list.txt merged.bam
2026-03-08_19-19-09  |     samtools sort -@ 8 -o sorted.bam merged.bam
2026-03-08_19-19-09  |     samtools index sorted.bam
2026-03-08_19-19-09  |     
2026-03-08_19-19-09  | binds:
2026-03-08_19-19-09  |     ${TMPDIR-"/tmp"} -> ${TMPDIR-"/tmp"}
2026-03-08_19-19-09  |     /scratch/st-shallam-1/pwy_group/metasmith -> /msm_home
2026-03-08_19-19-09  |     /tmp/slurm/8520260/nxf.C5w801dnzc -> /ws
2026-03-08_19-19-09  |     /arc/project/st-shallam-1/pwy_group/data/porphyridium_purpureum/star_bams -> /arc/project/st-shallam-1/pwy_group/data/porphyridium_purpureum/star_bams
2026-03-08_19-19-09  | -> container start: [apptainer exec --no-home --cleanenv --env TMPDIR=${TMPDIR-"/tmp"} --workdir "/ws" --bind ${TMPDIR-"/tmp"}:${TMPDIR-"/tmp"},/scratch/st-shallam-1/pwy_group/metasmith:/msm_home,/tmp/slurm/8520260/nxf.C5w801dnzc:/ws,/arc/project/st-shallam-1/pwy_group/data/porphyridium_purpureum/star_bams:/arc/project/st-shallam-1/pwy_group/data/porphyridium_purpureum/star_bams /scratch/st-shallam-1/pwy_group/metasmith/container_images/docker..staphb_samtools..1.23.sif bash]
2026-03-08_19-19-09  | -> container ->---------------------------------------------
2026-03-08_20-21-17  | <- container exit [0] <-------------------------------------
2026-03-08_20-21-17  | invoked local shell, calling subprocess.run() with:
2026-03-08_20-21-17  |     mv sorted.bam 1-1-1.PfamljgePG5VX967-iNlpm1XR.bam
2026-03-08_20-21-17  | <<< protocol <<<<<<<<<<<<<<<<<<<<<<<<<<<<<<<<<<<<<<<<<<<<<<<<<<<<<<<<<<<<
2026-03-08_20-21-17  | <<< [merge_bams:h2y89BxA] reports success
2026-03-08_20-21-17  | branch [1] of [1]
2026-03-08_20-21-17  |     ✓ [19.55 GB] [iNlpm1XR transcriptomics::merged_bam] produced at [1-1-1.PfamljgePG5VX967-iNlpm1XR.bam]
post execute ===================
.
./1-1-1.L8rJHsIV6bp7TLk8-9mrjFffM.bam
./1-1-1.4Ih5b6oUlLPBmjQj-9mrjFffM.bam
./1-1-1.SZV4oNiEOp2dIAHQ-9mrjFffM.bam
./samtools.oci
./1-1-1.ZjUpCov8SiawjbWC-9mrjFffM.bam
./porphyridium_experiment.txt
./1-1-1.Grq6HkY9LZzPhIwC-9mrjFffM.bam
./1-1-1.UMK0uBW7MDfv9lR2-9mrjFffM.bam
./.command.err
./.command.out
./.command.trace
./.command.metadata
./.command.binds
./_metasmith
./_metasmith/relay
./_metasmith/relay/msm_relay
./_metasmith/relay/se012
./_metasmith/relay/se012/main.log
./_metasmith/relay/se012/active
./_metasmith/relay/se012/launcher.sh
./_metasmith/.bounce.tYo51HAk
./bam_list.txt
./merged.bam
./sorted.bam.bai
./1-1-1.PfamljgePG5VX967-iNlpm1XR.bam
./.command.success
total 40G
lrwxrwxrwx 1 txyliu txyliu  109 Mar  8 19:18 1-1-1.4Ih5b6oUlLPBmjQj-9mrjFffM.bam -> /arc/project/st-shallam-1/pwy_group/data/porphyridium_purpureum/star_bams/1-1-1.4Ih5b6oUlLPBmjQj-9mrjFffM.bam
lrwxrwxrwx 1 txyliu txyliu  109 Mar  8 19:18 1-1-1.Grq6HkY9LZzPhIwC-9mrjFffM.bam -> /arc/project/st-shallam-1/pwy_group/data/porphyridium_purpureum/star_bams/1-1-1.Grq6HkY9LZzPhIwC-9mrjFffM.bam
lrwxrwxrwx 1 txyliu txyliu  109 Mar  8 19:18 1-1-1.L8rJHsIV6bp7TLk8-9mrjFffM.bam -> /arc/project/st-shallam-1/pwy_group/data/porphyridium_purpureum/star_bams/1-1-1.L8rJHsIV6bp7TLk8-9mrjFffM.bam
-rw-rw---- 1 txyliu txyliu  20G Mar  8 20:15 1-1-1.PfamljgePG5VX967-iNlpm1XR.bam
lrwxrwxrwx 1 txyliu txyliu  109 Mar  8 19:18 1-1-1.SZV4oNiEOp2dIAHQ-9mrjFffM.bam -> /arc/project/st-shallam-1/pwy_group/data/porphyridium_purpureum/star_bams/1-1-1.SZV4oNiEOp2dIAHQ-9mrjFffM.bam
lrwxrwxrwx 1 txyliu txyliu  109 Mar  8 19:18 1-1-1.UMK0uBW7MDfv9lR2-9mrjFffM.bam -> /arc/project/st-shallam-1/pwy_group/data/porphyridium_purpureum/star_bams/1-1-1.UMK0uBW7MDfv9lR2-9mrjFffM.bam
lrwxrwxrwx 1 txyliu txyliu  109 Mar  8 19:18 1-1-1.ZjUpCov8SiawjbWC-9mrjFffM.bam -> /arc/project/st-shallam-1/pwy_group/data/porphyridium_purpureum/star_bams/1-1-1.ZjUpCov8SiawjbWC-9mrjFffM.bam
drwxrwx--- 3 txyliu txyliu   43 Mar  8 19:19 _metasmith
-rw-rw---- 1 txyliu txyliu  216 Mar  8 19:19 bam_list.txt
-rw-rw---- 1 txyliu txyliu  21G Mar  8 19:33 merged.bam
lrwxrwxrwx 1 txyliu txyliu  117 Mar  8 19:18 porphyridium_experiment.txt -> /scratch/st-shallam-1/pwy_group/metasmith/runs/62Tq8B53/_metasmith/task/data/NadlYOPBIIkO/porphyridium_experiment.txt
lrwxrwxrwx 1 txyliu txyliu  102 Mar  8 19:18 samtools.oci -> /scratch/st-shallam-1/pwy_group/metasmith/runs/62Tq8B53/_metasmith/task/data/gxhC7yTosthI/samtools.oci
-rw-rw---- 1 txyliu txyliu 2.1M Mar  8 20:21 sorted.bam.bai
cleanup ========================
Signalled relay to stop by removing 'active' file
shutdown success
relay logs =====================
2026-03-08 19:18:57  | >>>>>>>>>>>>>>>>>>>>>>>>>>>>>>>>>>>>
2026-03-08 19:18:57  | Cleaning up previous workspace
2026-03-08 19:18:57  | Setting up launcher script at: /tmp/slurm/8520260/nxf.C5w801dnzc/_metasmith/relay/se012/launcher.sh
2026-03-08 19:19:00  | ------------------------->>>
2026-03-08 19:19:00  | module load gcc/9.4.0
2026-03-08 19:19:00  | module load apptainer/1.3.1
2026-03-08 19:19:00  | pwd -P && sleep 1
2026-03-08 19:19:00  | <<<-------------------------
2026-03-08 19:19:07  | ------------------------->>>
2026-03-08 19:19:07  | module load gcc/9.4.0
2026-03-08 19:19:07  | module load apptainer/1.3.1
2026-03-08 19:19:07  | [ -e /scratch/st-shallam-1/pwy_group/metasmith/container_images/docker..staphb_samtools..1.23.sif ] && echo "cached image exists"
2026-03-08 19:19:07  | <<<-------------------------
2026-03-08 19:19:09  | ------------------------->>>
2026-03-08 19:19:09  | module load gcc/9.4.0
2026-03-08 19:19:09  | module load apptainer/1.3.1
2026-03-08 19:19:09  | apptainer exec --no-home --cleanenv --env TMPDIR=${TMPDIR-"/tmp"} --workdir "/ws" --bind ${TMPDIR-"/tmp"}:${TMPDIR-"/tmp"},/scratch/st-shallam-1/pwy_group/metasmith:/msm_home,/tmp/slurm/8520260/nxf.C5w801dnzc:/ws,/arc/project/st-shallam-1/pwy_group/data/porphyridium_purpureum/star_bams:/arc/project/st-shallam-1/pwy_group/data/porphyridium_purpureum/star_bams /scratch/st-shallam-1/pwy_group/metasmith/container_images/docker..staphb_samtools..1.23.sif bash /ws/_metasmith/.bounce.tYo51HAk
2026-03-08 19:19:09  | <<<-------------------------
