step 3, sample [[Rsoo8XE7:[408064623690479551], VwXt5dAr:[178111524324759755], k0BWqyxf:[156226118216467402, 633523990048773908, 566498055328118649, 310195413067453707, 811104384982471761, 305980042534366556, 1073592773866965764, 893397822587109542, 822627013523906702], AmC7DKKQ:[506249955841459167], iNlpm1XR:[955161200972376201, 519030939364663020], ea9yJktW:[1072381707910174208], FILES:[[porphyridium_experiment.txt], [1-1-1.f1CMorcneUoLGMna-O4PhHAkd.fna], [1-1-1.hqXlyWE1DV3e7nDs-iNlpm1XR.bam, 1-1-1.PfamljgePG5VX967-iNlpm1XR.bam], [braker3.oci]]]]
braker3
bootstrap ======================
cwd [/tmp/slurm/8522565/nxf.PJHXaMOC1K]
task [/scratch/st-shallam-1/pwy_group/metasmith/runs/62Tq8B53]
step [3]
deploy relay ===================
including dev binds
including linked data binds
final binds:
--bind /tmp/slurm/8522565/nxf.PJHXaMOC1K:/ws,/scratch/st-shallam-1/pwy_group/metasmith:/msm_home --bind /scratch/st-shallam-1/pwy_group/metasmith/dev/metasmith:/opt/conda/envs/metasmith_env/lib/python3.12/site-packages/metasmith --bind /arc/project/st-shallam-1/pwy_group/data/porphyridium_purpureum/eguEpdhP-intermediates/assembly:/arc/project/st-shallam-1/pwy_group/data/porphyridium_purpureum/eguEpdhP-intermediates/assembly
INFO:    squashfuse not found, will not be able to use gocryptfs
INFO:    gocryptfs not found, will not be able to use gocryptfs
2026-03-08_21-06-33  | api call to [deploy_from_container] with [{'workspace': '_metasmith', 'architecture': 'x86_64', 'system': 'Linux'}]
2026-03-08_21-06-33  | deploying to [_metasmith]
2026-03-08_21-06-33  | platform [x86_64/linux]
2026-03-08_21-06-33  | deploying relay server to [_metasmith/relay/msm_relay]
2026-03-08_21-06-33  | deployment complete
_metasmith/relay/
_metasmith/relay/msm_relay
pre execute ====================
.
./1-1-1.f1CMorcneUoLGMna-O4PhHAkd.fna
./1-1-1.PfamljgePG5VX967-iNlpm1XR.bam
./braker3.oci
./1-1-1.hqXlyWE1DV3e7nDs-iNlpm1XR.bam
./porphyridium_experiment.txt
./.command.err
./.command.out
./.command.trace
./.command.metadata
./.command.binds
./_metasmith
./_metasmith/relay
./_metasmith/relay/msm_relay
total 0
lrwxrwxrwx 1 txyliu txyliu 134 Mar  8 21:06 1-1-1.PfamljgePG5VX967-iNlpm1XR.bam -> /scratch/st-shallam-1/pwy_group/metasmith/runs/62Tq8B53/nxf_work/51/d7eb050607a129bab15c5b17002a6f/1-1-1.PfamljgePG5VX967-iNlpm1XR.bam
lrwxrwxrwx 1 txyliu txyliu 131 Mar  8 21:06 1-1-1.f1CMorcneUoLGMna-O4PhHAkd.fna -> /arc/project/st-shallam-1/pwy_group/data/porphyridium_purpureum/eguEpdhP-intermediates/assembly/1-1-1.f1CMorcneUoLGMna-O4PhHAkd.fna
lrwxrwxrwx 1 txyliu txyliu 134 Mar  8 21:06 1-1-1.hqXlyWE1DV3e7nDs-iNlpm1XR.bam -> /scratch/st-shallam-1/pwy_group/metasmith/runs/62Tq8B53/nxf_work/91/34572e74bf8f1531dbbec6d1817979/1-1-1.hqXlyWE1DV3e7nDs-iNlpm1XR.bam
drwxrwx--- 3 txyliu txyliu  19 Mar  8 21:06 _metasmith
lrwxrwxrwx 1 txyliu txyliu 101 Mar  8 21:06 braker3.oci -> /scratch/st-shallam-1/pwy_group/metasmith/runs/62Tq8B53/_metasmith/task/data/gxhC7yTosthI/braker3.oci
lrwxrwxrwx 1 txyliu txyliu 117 Mar  8 21:06 porphyridium_experiment.txt -> /scratch/st-shallam-1/pwy_group/metasmith/runs/62Tq8B53/_metasmith/task/data/NadlYOPBIIkO/porphyridium_experiment.txt
relay ==========================
Starting relay:
  - at: [/tmp/slurm/8522565/nxf.PJHXaMOC1K/_metasmith/relay/se288]
  - cwd: [/tmp/slurm/8522565/nxf.PJHXaMOC1K]
 - Creating local workspace at: /tmp/slurm/8522565/nxf.PJHXaMOC1K/_metasmith/relay/se288
Watcher daemon PID: 3251551
pid [3251551]
success
execute ========================
including dev binds
including linked data binds
final binds:
--bind /tmp/slurm/8522565/nxf.PJHXaMOC1K:/ws,/scratch/st-shallam-1/pwy_group/metasmith:/msm_home --bind /scratch/st-shallam-1/pwy_group/metasmith/dev/metasmith:/opt/conda/envs/metasmith_env/lib/python3.12/site-packages/metasmith --bind /arc/project/st-shallam-1/pwy_group/data/porphyridium_purpureum/eguEpdhP-intermediates/assembly:/arc/project/st-shallam-1/pwy_group/data/porphyridium_purpureum/eguEpdhP-intermediates/assembly
INFO:    squashfuse not found, will not be able to use gocryptfs
INFO:    gocryptfs not found, will not be able to use gocryptfs
2026-03-08_21-06-36  | api call to [execute_transform] with [{'step_index': '3', 'workspace': '/scratch/st-shallam-1/pwy_group/metasmith/runs/62Tq8B53', 'host': 'se288'}]
2026-03-08_21-06-36  | cwd [/tmp/slurm/8522565/nxf.PJHXaMOC1K]
2026-03-08_21-06-36  | loading agent config
2026-03-08_21-06-36  | agent home [/scratch/st-shallam-1/pwy_group/metasmith]
2026-03-08_21-06-36  | connecting to relay [_metasmith/relay/se288]
2026-03-08_21-06-39  | external cwd [/tmp/slurm/8522565/nxf.PJHXaMOC1K]
2026-03-08_21-06-39  | loading task from [/msm_home/runs/62Tq8B53/_metasmith/task]
2026-03-08_21-06-42  | step [3:braker3:5c7Jq5xk]
2026-03-08_21-06-42  | uses:
2026-03-08_21-06-42  |     [Rsoo8XE7 transcriptomics::experiment] at:
2026-03-08_21-06-42  |         ✓ [28.00 B] [/msm_home/runs/62Tq8B53/_metasmith/task/data/NadlYOPBIIkO/porphyridium_experiment.txt]
2026-03-08_21-06-42  |     [VwXt5dAr sequences::assembly] at:
2026-03-08_21-06-42  |         ✓ [21.43 MB] [1-1-1.f1CMorcneUoLGMna-O4PhHAkd.fna]
2026-03-08_21-06-42  |     [iNlpm1XR transcriptomics::merged_bam] at:
2026-03-08_21-06-42  |         ✓ [11.61 GB] [/msm_home/runs/62Tq8B53/nxf_work/91/34572e74bf8f1531dbbec6d1817979/1-1-1.hqXlyWE1DV3e7nDs-iNlpm1XR.bam]
2026-03-08_21-06-42  |         ✓ [19.55 GB] [/msm_home/runs/62Tq8B53/nxf_work/51/d7eb050607a129bab15c5b17002a6f/1-1-1.PfamljgePG5VX967-iNlpm1XR.bam]
2026-03-08_21-06-42  |     [ea9yJktW containers::braker3.oci] at:
2026-03-08_21-06-42  |         ✓ [37.00 B] [/msm_home/runs/62Tq8B53/_metasmith/task/data/gxhC7yTosthI/braker3.oci]
2026-03-08_21-06-42  | setup commands for external shell:
2026-03-08_21-06-42  |     module load gcc/9.4.0
2026-03-08_21-06-42  |     module load apptainer/1.3.1
2026-03-08_21-06-42  | >>> executing
2026-03-08_21-06-42  | >>> protocol >>>>>>>>>>>>>>>>>>>>>>>>>>>>>>>>>>>>>>>>>>>>>>>>>>>>>>>>>>>>
2026-03-08_21-06-43  | cached image exists
2026-03-08_21-06-44  | executing container [docker://teambraker/braker3:v3.0.7.4] using [APPTAINER]
2026-03-08_21-06-44  | command with bounce at [_metasmith/.bounce.sCBQQykt]:
2026-03-08_21-06-44  |     cp -r $AUGUSTUS_CONFIG_PATH augustus_config
2026-03-08_21-06-44  |     awk '/^>/{print substr($1,1); next}{print}' 1-1-1.f1CMorcneUoLGMna-O4PhHAkd.fna > genome_clean.fa
2026-03-08_21-06-44  |     braker.pl                 --genome=genome_clean.fa                 --bam=/msm_home/runs/62Tq8B53/nxf_work/91/34572e74bf8f1531dbbec6d1817979/1-1-1.hqXlyWE1DV3e7nDs-iNlpm1XR.bam                 --species=porphyridium_run_$$                 --threads=16                 --gff3                 --workingdir=braker_out                 --softmasking                 --AUGUSTUS_CONFIG_PATH=$(pwd)/augustus_config
2026-03-08_21-06-44  |     
2026-03-08_21-06-44  | binds:
2026-03-08_21-06-44  |     ${TMPDIR-"/tmp"} -> ${TMPDIR-"/tmp"}
2026-03-08_21-06-44  |     /scratch/st-shallam-1/pwy_group/metasmith -> /msm_home
2026-03-08_21-06-44  |     /tmp/slurm/8522565/nxf.PJHXaMOC1K -> /ws
2026-03-08_21-06-44  |     /arc/project/st-shallam-1/pwy_group/data/porphyridium_purpureum/eguEpdhP-intermediates/assembly -> /arc/project/st-shallam-1/pwy_group/data/porphyridium_purpureum/eguEpdhP-intermediates/assembly
2026-03-08_21-06-44  | -> container start: [apptainer exec --no-home --cleanenv --env TMPDIR=${TMPDIR-"/tmp"} --workdir "/ws" --bind ${TMPDIR-"/tmp"}:${TMPDIR-"/tmp"},/scratch/st-shallam-1/pwy_group/metasmith:/msm_home,/tmp/slurm/8522565/nxf.PJHXaMOC1K:/ws,/arc/project/st-shallam-1/pwy_group/data/porphyridium_purpureum/eguEpdhP-intermediates/assembly:/arc/project/st-shallam-1/pwy_group/data/porphyridium_purpureum/eguEpdhP-intermediates/assembly /scratch/st-shallam-1/pwy_group/metasmith/container_images/docker..teambraker_braker3..v3.0.7.4.sif bash]
2026-03-08_21-06-44  | -> container ->---------------------------------------------
